1716435848318|2|statement|connection 0|url jdbc:p6spy:mysql://localhost:3306/alcoholfree?useSSL=false&characterEncoding=UTF-8&allowPublicKeyRetrieval=true|SELECT @@character_set_database, @@sql_mode|SELECT @@character_set_database, @@sql_mode
1716435849965|2|statement|connection 0|url jdbc:p6spy:mysql://localhost:3306/alcoholfree?useSSL=false&characterEncoding=UTF-8&allowPublicKeyRetrieval=true|select * from `alcoholfree`.`alcohol` where 1=0|select * from `alcoholfree`.`alcohol` where 1=0
1716435849972|1|statement|connection 0|url jdbc:p6spy:mysql://localhost:3306/alcoholfree?useSSL=false&characterEncoding=UTF-8&allowPublicKeyRetrieval=true|select * from `alcoholfree`.`user` where 1=0|select * from `alcoholfree`.`user` where 1=0
1716435849990|1|statement|connection 0|url jdbc:p6spy:mysql://localhost:3306/alcoholfree?useSSL=false&characterEncoding=UTF-8&allowPublicKeyRetrieval=true|select * from `alcoholfree`.`stock` where 1=0|select * from `alcoholfree`.`stock` where 1=0
1716435849995|1|statement|connection 0|url jdbc:p6spy:mysql://localhost:3306/alcoholfree?useSSL=false&characterEncoding=UTF-8&allowPublicKeyRetrieval=true|select * from `alcoholfree`.`user` where 1=0|select * from `alcoholfree`.`user` where 1=0
1716435850011|2|statement|connection 0|url jdbc:p6spy:mysql://localhost:3306/alcoholfree?useSSL=false&characterEncoding=UTF-8&allowPublicKeyRetrieval=true|select * from `alcoholfree`.`alcohol` where 1=0|select * from `alcoholfree`.`alcohol` where 1=0
1716435850016|1|statement|connection 0|url jdbc:p6spy:mysql://localhost:3306/alcoholfree?useSSL=false&characterEncoding=UTF-8&allowPublicKeyRetrieval=true|select * from `alcoholfree`.`user` where 1=0|select * from `alcoholfree`.`user` where 1=0
1716435850028|1|statement|connection 0|url jdbc:p6spy:mysql://localhost:3306/alcoholfree?useSSL=false&characterEncoding=UTF-8&allowPublicKeyRetrieval=true|select * from `alcoholfree`.`user` where 1=0|select * from `alcoholfree`.`user` where 1=0
1716435850038|1|statement|connection 0|url jdbc:p6spy:mysql://localhost:3306/alcoholfree?useSSL=false&characterEncoding=UTF-8&allowPublicKeyRetrieval=true|select * from `alcoholfree`.`stock` where 1=0|select * from `alcoholfree`.`stock` where 1=0
1716435850042|1|statement|connection 0|url jdbc:p6spy:mysql://localhost:3306/alcoholfree?useSSL=false&characterEncoding=UTF-8&allowPublicKeyRetrieval=true|select * from `alcoholfree`.`user` where 1=0|select * from `alcoholfree`.`user` where 1=0
1716435850051|1|statement|connection 0|url jdbc:p6spy:mysql://localhost:3306/alcoholfree?useSSL=false&characterEncoding=UTF-8&allowPublicKeyRetrieval=true|select * from `alcoholfree`.`alcohol` where 1=0|select * from `alcoholfree`.`alcohol` where 1=0
1716435850055|1|statement|connection 0|url jdbc:p6spy:mysql://localhost:3306/alcoholfree?useSSL=false&characterEncoding=UTF-8&allowPublicKeyRetrieval=true|select * from `alcoholfree`.`market` where 1=0|select * from `alcoholfree`.`market` where 1=0
1716436345237|3|statement|connection 0|url jdbc:p6spy:mysql://localhost:3306/alcoholfree?useSSL=false&characterEncoding=UTF-8&allowPublicKeyRetrieval=true|SELECT @@character_set_database, @@sql_mode|SELECT @@character_set_database, @@sql_mode
1716436346583|2|statement|connection 0|url jdbc:p6spy:mysql://localhost:3306/alcoholfree?useSSL=false&characterEncoding=UTF-8&allowPublicKeyRetrieval=true|select * from `alcoholfree`.`alcohol` where 1=0|select * from `alcoholfree`.`alcohol` where 1=0
1716436346589|1|statement|connection 0|url jdbc:p6spy:mysql://localhost:3306/alcoholfree?useSSL=false&characterEncoding=UTF-8&allowPublicKeyRetrieval=true|select * from `alcoholfree`.`user` where 1=0|select * from `alcoholfree`.`user` where 1=0
1716436346599|1|statement|connection 0|url jdbc:p6spy:mysql://localhost:3306/alcoholfree?useSSL=false&characterEncoding=UTF-8&allowPublicKeyRetrieval=true|select * from `alcoholfree`.`stock` where 1=0|select * from `alcoholfree`.`stock` where 1=0
1716436346604|1|statement|connection 0|url jdbc:p6spy:mysql://localhost:3306/alcoholfree?useSSL=false&characterEncoding=UTF-8&allowPublicKeyRetrieval=true|select * from `alcoholfree`.`user` where 1=0|select * from `alcoholfree`.`user` where 1=0
1716436346616|1|statement|connection 0|url jdbc:p6spy:mysql://localhost:3306/alcoholfree?useSSL=false&characterEncoding=UTF-8&allowPublicKeyRetrieval=true|select * from `alcoholfree`.`alcohol` where 1=0|select * from `alcoholfree`.`alcohol` where 1=0
1716436346621|1|statement|connection 0|url jdbc:p6spy:mysql://localhost:3306/alcoholfree?useSSL=false&characterEncoding=UTF-8&allowPublicKeyRetrieval=true|select * from `alcoholfree`.`user` where 1=0|select * from `alcoholfree`.`user` where 1=0
1716436346631|1|statement|connection 0|url jdbc:p6spy:mysql://localhost:3306/alcoholfree?useSSL=false&characterEncoding=UTF-8&allowPublicKeyRetrieval=true|select * from `alcoholfree`.`user` where 1=0|select * from `alcoholfree`.`user` where 1=0
1716436346639|1|statement|connection 0|url jdbc:p6spy:mysql://localhost:3306/alcoholfree?useSSL=false&characterEncoding=UTF-8&allowPublicKeyRetrieval=true|select * from `alcoholfree`.`stock` where 1=0|select * from `alcoholfree`.`stock` where 1=0
1716436346641|0|statement|connection 0|url jdbc:p6spy:mysql://localhost:3306/alcoholfree?useSSL=false&characterEncoding=UTF-8&allowPublicKeyRetrieval=true|select * from `alcoholfree`.`user` where 1=0|select * from `alcoholfree`.`user` where 1=0
1716436346649|1|statement|connection 0|url jdbc:p6spy:mysql://localhost:3306/alcoholfree?useSSL=false&characterEncoding=UTF-8&allowPublicKeyRetrieval=true|select * from `alcoholfree`.`alcohol` where 1=0|select * from `alcoholfree`.`alcohol` where 1=0
1716436346653|1|statement|connection 0|url jdbc:p6spy:mysql://localhost:3306/alcoholfree?useSSL=false&characterEncoding=UTF-8&allowPublicKeyRetrieval=true|select * from `alcoholfree`.`market` where 1=0|select * from `alcoholfree`.`market` where 1=0
1716436369903|5|statement|connection 0|url jdbc:p6spy:mysql://localhost:3306/alcoholfree?useSSL=false&characterEncoding=UTF-8&allowPublicKeyRetrieval=true|SELECT @@character_set_database, @@sql_mode|SELECT @@character_set_database, @@sql_mode
1716436371239|1|statement|connection 0|url jdbc:p6spy:mysql://localhost:3306/alcoholfree?useSSL=false&characterEncoding=UTF-8&allowPublicKeyRetrieval=true|select * from `alcoholfree`.`alcohol` where 1=0|select * from `alcoholfree`.`alcohol` where 1=0
1716436371246|1|statement|connection 0|url jdbc:p6spy:mysql://localhost:3306/alcoholfree?useSSL=false&characterEncoding=UTF-8&allowPublicKeyRetrieval=true|select * from `alcoholfree`.`user` where 1=0|select * from `alcoholfree`.`user` where 1=0
1716436371259|1|statement|connection 0|url jdbc:p6spy:mysql://localhost:3306/alcoholfree?useSSL=false&characterEncoding=UTF-8&allowPublicKeyRetrieval=true|select * from `alcoholfree`.`stock` where 1=0|select * from `alcoholfree`.`stock` where 1=0
1716436371264|1|statement|connection 0|url jdbc:p6spy:mysql://localhost:3306/alcoholfree?useSSL=false&characterEncoding=UTF-8&allowPublicKeyRetrieval=true|select * from `alcoholfree`.`user` where 1=0|select * from `alcoholfree`.`user` where 1=0
1716436371272|1|statement|connection 0|url jdbc:p6spy:mysql://localhost:3306/alcoholfree?useSSL=false&characterEncoding=UTF-8&allowPublicKeyRetrieval=true|select * from `alcoholfree`.`alcohol` where 1=0|select * from `alcoholfree`.`alcohol` where 1=0
1716436371276|1|statement|connection 0|url jdbc:p6spy:mysql://localhost:3306/alcoholfree?useSSL=false&characterEncoding=UTF-8&allowPublicKeyRetrieval=true|select * from `alcoholfree`.`user` where 1=0|select * from `alcoholfree`.`user` where 1=0
1716436371283|1|statement|connection 0|url jdbc:p6spy:mysql://localhost:3306/alcoholfree?useSSL=false&characterEncoding=UTF-8&allowPublicKeyRetrieval=true|select * from `alcoholfree`.`user` where 1=0|select * from `alcoholfree`.`user` where 1=0
1716436371293|1|statement|connection 0|url jdbc:p6spy:mysql://localhost:3306/alcoholfree?useSSL=false&characterEncoding=UTF-8&allowPublicKeyRetrieval=true|select * from `alcoholfree`.`stock` where 1=0|select * from `alcoholfree`.`stock` where 1=0
1716436371296|1|statement|connection 0|url jdbc:p6spy:mysql://localhost:3306/alcoholfree?useSSL=false&characterEncoding=UTF-8&allowPublicKeyRetrieval=true|select * from `alcoholfree`.`user` where 1=0|select * from `alcoholfree`.`user` where 1=0
1716436371307|1|statement|connection 0|url jdbc:p6spy:mysql://localhost:3306/alcoholfree?useSSL=false&characterEncoding=UTF-8&allowPublicKeyRetrieval=true|select * from `alcoholfree`.`alcohol` where 1=0|select * from `alcoholfree`.`alcohol` where 1=0
1716436371313|1|statement|connection 0|url jdbc:p6spy:mysql://localhost:3306/alcoholfree?useSSL=false&characterEncoding=UTF-8&allowPublicKeyRetrieval=true|select * from `alcoholfree`.`market` where 1=0|select * from `alcoholfree`.`market` where 1=0
